{
  "RSpec": {
    "coverage": {
      "/Users/josephcowton/projects/oystercard/spec/oystercard_spec.rb": [
        1,
        null,
        1,
        null,
        null,
        2,
        null,
        null,
        6,
        6,
        null,
        null,
        9,
        5,
        null,
        1,
        1,
        1,
        1,
        null,
        null,
        null,
        1,
        1,
        1,
        null,
        null,
        1,
        1,
        null,
        null,
        null,
        1,
        1,
        1,
        null,
        null,
        null,
        1,
        1,
        1,
        null,
        null,
        1,
        1,
        null,
        null,
        null,
        null,
        1,
        1,
        null,
        3,
        null,
        1,
        1,
        null,
        null,
        1,
        1,
        null,
        null,
        null,
        1,
        1,
        2,
        null,
        null,
        1,
        1,
        2,
        null,
        null,
        null,
        null,
        1,
        null,
        3,
        null,
        1,
        1,
        1,
        null,
        null,
        null,
        1,
        1,
        1,
        2,
        null,
        null,
        null,
        1,
        1,
        1,
        null,
        null,
        null,
        null,
        1,
        null,
        5,
        null,
        1,
        1,
        1,
        null,
        null,
        null,
        1,
        2,
        2,
        null,
        null,
        1,
        1,
        1,
        null,
        null,
        null,
        1,
        2,
        2,
        null,
        null,
        null,
        null
      ],
      "/Users/josephcowton/projects/oystercard/lib/oystercard.rb": [
        1,
        1,
        null,
        1,
        1,
        null,
        1,
        17,
        17,
        17,
        17,
        17,
        null,
        null,
        1,
        3,
        null,
        null,
        1,
        21,
        19,
        19,
        null,
        null,
        1,
        3,
        2,
        2,
        null,
        null,
        1,
        4,
        4,
        4,
        4,
        null,
        null,
        1,
        null,
        1,
        21,
        null,
        null,
        1,
        3,
        null,
        null,
        1,
        4,
        null,
        null,
        null,
        null
      ],
      "/Users/josephcowton/projects/oystercard/spec/station_spec.rb": [
        1,
        null,
        1,
        2,
        null,
        1,
        1,
        1,
        1,
        null,
        null,
        null,
        null
      ],
      "/Users/josephcowton/projects/oystercard/lib/station.rb": [
        null,
        null,
        1,
        null,
        1,
        null,
        1,
        1,
        null,
        null,
        null,
        null
      ]
    },
    "timestamp": 1509462201
  }
}
